#
# There is insufficient memory for the Java Runtime Environment to continue.
# Native memory allocation (malloc) failed to allocate 1048576 bytes for AllocateHeap
# Possible reasons:
#   The system is out of physical RAM or swap space
#   In 32 bit mode, the process size limit was hit
# Possible solutions:
#   Reduce memory load on the system
#   Increase physical memory or swap space
#   Check if swap backing store is full
#   Use 64 bit Java on a 64 bit OS
#   Decrease Java heap size (-Xmx/-Xms)
#   Decrease number of Java threads
#   Decrease Java thread stack sizes (-Xss)
#   Set larger code cache with -XX:ReservedCodeCacheSize=
# This output file may be truncated or incomplete.
#
#  Out of Memory Error (memory/allocation.inline.hpp:61), pid=17920, tid=0x00000000000047e8
#
# JRE version:  (8.0_92-b14) (build )
# Java VM: Java HotSpot(TM) 64-Bit Server VM (25.92-b14 mixed mode windows-amd64 compressed oops)
# Failed to write core dump. Minidumps are not enabled by default on client versions of Windows
#

---------------  T H R E A D  ---------------

Current thread (0x00000000022fe000):  JavaThread "Unknown thread" [_thread_in_vm, id=18408, stack(0x0000000002360000,0x0000000002460000)]

Stack: [0x0000000002360000,0x0000000002460000]
[error occurred during error reporting (printing stack bounds), id 0xc0000005]

Native frames: (J=compiled Java code, j=interpreted, Vv=VM code, C=native code)


---------------  P R O C E S S  ---------------

Java Threads: ( => current thread )

Other Threads:

=>0x00000000022fe000 (exited) JavaThread "Unknown thread" [_thread_in_vm, id=18408, stack(0x0000000002360000,0x0000000002460000)]

VM state:not at safepoint (normal execution)

VM Mutex/Monitor currently owned by a thread: None

Heap:
 PSYoungGen      total 38400K, used 665K [0x00000000d5d80000, 0x00000000d8800000, 0x0000000100000000)
  eden space 33280K, 2% used [0x00000000d5d80000,0x00000000d5e26670,0x00000000d7e00000)
  from space 5120K, 0% used [0x00000000d8300000,0x00000000d8300000,0x00000000d8800000)
  to   space 5120K, 0% used [0x00000000d7e00000,0x00000000d7e00000,0x00000000d8300000)
 ParOldGen       total 87552K, used 0K [0x0000000081800000, 0x0000000086d80000, 0x00000000d5d80000)
  object space 87552K, 0% used [0x0000000081800000,0x0000000081800000,0x0000000086d80000)
 Metaspace       used 769K, capacity 4480K, committed 4480K, reserved 1056768K
  class space    used 75K, capacity 384K, committed 384K, reserved 1048576K

Card table byte_map: [0x0000000011c00000,0x0000000012000000] byte_map_base: 0x00000000117f4000

Marking Bits: (ParMarkBitMap*) 0x0000000065c164f0
 Begin Bits: [0x00000000130b0000, 0x0000000015050000)
 End Bits:   [0x0000000015050000, 0x0000000016ff0000)

Polling page: 0x0000000000340000

CodeCache: size=245760Kb used=328Kb max_used=328Kb free=245431Kb
 bounds [0x0000000002840000, 0x0000000002ab0000, 0x0000000011840000]
 total_blobs=58 nmethods=0 adapters=38
 compilation: enabled

Compilation events (0 events):
No events

GC Heap History (0 events):
No events

Deoptimization events (0 events):
No events

Internal exceptions (0 events):
No events

Events (10 events):
Event: 0.038 loading class java/lang/Short
Event: 0.038 loading class java/lang/Short done
Event: 0.038 loading class java/lang/Integer
Event: 0.038 loading class java/lang/Integer done
Event: 0.038 loading class java/lang/Long
Event: 0.038 loading class java/lang/Long done
Event: 0.039 loading class java/lang/NullPointerException
Event: 0.039 loading class java/lang/NullPointerException done
Event: 0.039 loading class java/lang/ArithmeticException
Event: 0.039 loading class java/lang/ArithmeticException done


Dynamic libraries:
0x000000013fe30000 - 0x000000013fe67000 	C:\Program Files\Java\jdk1.8.0_92\bin\javaw.exe
0x0000000077250000 - 0x00000000773fa000 	C:\Windows\SYSTEM32\ntdll.dll
0x0000000077030000 - 0x000000007714f000 	C:\Windows\system32\kernel32.dll
0x000007fefd1d0000 - 0x000007fefd23a000 	C:\Windows\system32\KERNELBASE.dll
0x000007fefee90000 - 0x000007fefef6b000 	C:\Windows\system32\ADVAPI32.dll
0x000007fefdb60000 - 0x000007fefdbff000 	C:\Windows\system32\msvcrt.dll
0x000007fefdc30000 - 0x000007fefdc4f000 	C:\Windows\SYSTEM32\sechost.dll
0x000007feff410000 - 0x000007feff53d000 	C:\Windows\system32\RPCRT4.dll
0x0000000077150000 - 0x000000007724a000 	C:\Windows\system32\USER32.dll
0x000007fefd690000 - 0x000007fefd6f7000 	C:\Windows\system32\GDI32.dll
0x000007feff540000 - 0x000007feff54e000 	C:\Windows\system32\LPK.dll
0x000007fefd700000 - 0x000007fefd7ca000 	C:\Windows\system32\USP10.dll
0x000007fefb8a0000 - 0x000007fefba94000 	C:\Windows\WinSxS\amd64_microsoft.windows.common-controls_6595b64144ccf1df_6.0.7601.18837_none_fa3b1e3d17594757\COMCTL32.dll
0x000007fefd610000 - 0x000007fefd681000 	C:\Windows\system32\SHLWAPI.dll
0x000007fefdc00000 - 0x000007fefdc2e000 	C:\Windows\system32\IMM32.DLL
0x000007feff030000 - 0x000007feff139000 	C:\Windows\system32\MSCTF.dll
0x0000000069940000 - 0x0000000069a12000 	C:\Program Files\Java\jdk1.8.0_92\jre\bin\msvcr100.dll
0x0000000065400000 - 0x0000000065c96000 	C:\Program Files\Java\jdk1.8.0_92\jre\bin\server\jvm.dll
0x000007fef6230000 - 0x000007fef6239000 	C:\Windows\system32\WSOCK32.dll
0x000007fefdf20000 - 0x000007fefdf6d000 	C:\Windows\system32\WS2_32.dll
0x000007feff550000 - 0x000007feff558000 	C:\Windows\system32\NSI.dll
0x000007fefa930000 - 0x000007fefa96b000 	C:\Windows\system32\WINMM.dll
0x000007fefbec0000 - 0x000007fefbecc000 	C:\Windows\system32\VERSION.dll
0x0000000077410000 - 0x0000000077417000 	C:\Windows\system32\PSAPI.DLL
0x0000000073d30000 - 0x0000000073d3f000 	C:\Program Files\Java\jdk1.8.0_92\jre\bin\verify.dll
0x0000000073aa0000 - 0x0000000073ac9000 	C:\Program Files\Java\jdk1.8.0_92\jre\bin\java.dll
0x0000000073ae0000 - 0x0000000073af6000 	C:\Program Files\Java\jdk1.8.0_92\jre\bin\zip.dll

VM Arguments:
jvm_args: -Dfile.encoding=Cp1252 
java_command: World
java_class_path (initial): C:\Users\admin\workspace\Pokemon\bin
Launcher Type: SUN_STANDARD

Environment Variables:
JAVA_HOME=C:\Program Files\Java\jdk1.8.0_92
PATH=C:/Program Files/Java/jdk1.8.0_92/bin/../jre/bin/server;C:/Program Files/Java/jdk1.8.0_92/bin/../jre/bin;C:/Program Files/Java/jdk1.8.0_92/bin/../jre/lib/amd64;C:\Program Files (x86)\Intel\iCLS Client\;C:\Program Files\Intel\iCLS Client\;C:\Windows\system32;C:\Windows;C:\Windows\System32\Wbem;C:\Windows\System32\WindowsPowerShell\v1.0\;C:\Program Files\Intel\WiFi\bin\;C:\Program Files\Common Files\Intel\WirelessCommon\;C:\Program Files\Intel\Intel(R) Management Engine Components\DAL;C:\Program Files\Intel\Intel(R) Management Engine Components\IPT;C:\Program Files (x86)\Intel\Intel(R) Management Engine Components\DAL;C:\Program Files (x86)\Intel\Intel(R) Management Engine Components\IPT;C:\Program Files (x86)\Skype\Phone\;C:\Program Files\Java\jdk1.8.0_92\bin;C:\tools\tomcat\apache-tomcat-7.0.70-windows-x64\apache-tomcat-7.0.70\bin;C:\tools\maven\apache-maven-3.3.9-bin\apache-maven-3.3.9\bin;C:\Program Files\Git\cmd;C:\Program Files\TortoiseGit\bin;C:\Program Files\Intel\WiFi\bin\;C:\Program Files\Common Files\Intel\WirelessCommon\;C:\Users\admin\Desktop;
USERNAME=admin
OS=Windows_NT
PROCESSOR_IDENTIFIER=Intel64 Family 6 Model 60 Stepping 3, GenuineIntel



---------------  S Y S T E M  ---------------

OS: Windows 7 , 64 bit Build 7601 (6.1.7601.23418)

CPU:total 8 (4 cores per cpu, 2 threads per core) family 6 model 60 stepping 3, cmov, cx8, fxsr, mmx, sse, sse2, sse3, ssse3, sse4.1, sse4.2, popcnt, avx, avx2, aes, clmul, erms, rtm, lzcnt, ht, tsc, tscinvbit, bmi1, bmi2

Memory: 4k page, physical 8283228k(2613752k free), swap 32913096k(18880k free)

vm_info: Java HotSpot(TM) 64-Bit Server VM (25.92-b14) for windows-amd64 JRE (1.8.0_92-b14), built on Mar 31 2016 21:03:04 by "java_re" with MS VC++ 10.0 (VS2010)

time: Fri Jul 29 17:00:45 2016
elapsed time: 0 seconds (0d 0h 0m 0s)

